<?xml version="1.0" encoding="UTF-8"?>
<testng-results skipped="0" failed="0" total="1" passed="1">
  <reporter-output>
  </reporter-output>
  <suite name="Default suite" duration-ms="19854" started-at="2015-02-24T21:17:12Z" finished-at="2015-02-24T21:17:32Z">
    <groups>
    </groups>
    <test name="Default test" duration-ms="19854" started-at="2015-02-24T21:17:12Z" finished-at="2015-02-24T21:17:32Z">
      <class name="facebook.FaceBookTest">
        <test-method status="PASS" signature="before()[pri:0, instance:facebook.FaceBookTest@3d8c4d8e]" name="before" is-config="true" duration-ms="2776" started-at="2015-02-24T22:17:12Z" finished-at="2015-02-24T22:17:15Z">
          <reporter-output>
          </reporter-output>
        </test-method> <!-- before -->
        <test-method status="PASS" signature="testFaceBook()[pri:0, instance:facebook.FaceBookTest@3d8c4d8e]" name="testFaceBook" duration-ms="15856" started-at="2015-02-24T22:17:15Z" finished-at="2015-02-24T22:17:31Z">
          <reporter-output>
          </reporter-output>
        </test-method> <!-- testFaceBook -->
        <test-method status="PASS" signature="after()[pri:0, instance:facebook.FaceBookTest@3d8c4d8e]" name="after" is-config="true" duration-ms="1203" started-at="2015-02-24T22:17:31Z" finished-at="2015-02-24T22:17:32Z">
          <reporter-output>
          </reporter-output>
        </test-method> <!-- after -->
      </class> <!-- facebook.FaceBookTest -->
    </test> <!-- Default test -->
  </suite> <!-- Default suite -->
</testng-results>
